<?xml version="1.0" encoding="UTF-8"?>
<!-- Generated by org.testng.reporters.JUnitXMLReporter -->
<testsuite ignored="0" hostname="DESKTOP-D3O5ALE" failures="0" tests="14" name="Test" time="66.272" errors="0" timestamp="2024-08-17T19:55:18 IST">
  <testcase classname="com.tutorialsninja.qa.Test.Login" name="verifyLoginPassWithvalidCredentials_TC_LF_001" time="1.213"/>
  <testcase classname="com.tutorialsninja.qa.Test.Login" name="verifyLoginFailsWithInvalidCredentials_TC_LF_002" time="1.379"/>
  <testcase classname="com.tutorialsninja.qa.Test.Login" name="verifyLoginFailsWithInvalidEmailAandValidPassword_TC_LF_003" time="1.007"/>
  <testcase classname="com.tutorialsninja.qa.Test.Login" name="verifyLoginFailsWithValidEmailAandInvalidPassword_TC_LF_004" time="0.98"/>
  <testcase classname="com.tutorialsninja.qa.Test.Login" name="TC_LF_005_verifyLoginFailWithoutCreadentials" time="1.037"/>
  <testcase classname="com.tutorialsninja.qa.Test.Login" name="TC_LF_006_VerifyForgottenPasswordLinkIsPresentAndFunctional" time="0.666"/>
  <testcase classname="com.tutorialsninja.qa.Test.Login" name="TC_LF_007_VerifyLoginWithTabAndEnterWithValidCreadentials" time="2.031"/>
  <testcase classname="com.tutorialsninja.qa.Test.Login" name="TC_LF_008_VerifyEmailAndPasswordPlaceholderTexts" time="0.551"/>
  <testcase classname="com.tutorialsninja.qa.Test.Login" name="TC_LF_012_VerifyUnsuccessfulLoginAttemptsAndWarningDisplayed" time="3.935"/>
  <testcase classname="com.tutorialsninja.qa.Test.Login" name="TC_LF_013_VerifyPasswordFieldVisibilityToggle" time="0.382"/>
  <testcase classname="com.tutorialsninja.qa.Test.Login" name="TC_LF_014_TestPasswordFieldCopyFunctionality" time="0.747"/>
  <testcase classname="com.tutorialsninja.qa.Test.Login" name="TC_LF_017_ClosingBrowserUponLoginAndReopenToCheckSeccesionIsMaintained" time="3.411"/>
  <testcase classname="com.tutorialsninja.qa.Test.Login" name="TC_LF_020_VerifyLoginWithAllAvailableWays" time="8.306"/>
  <testcase classname="com.tutorialsninja.qa.Test.Login" name="TC_LF_016_VerifyLoggingIntoApplicationAfterChangingThePassword" time="3.83"/>
</testsuite> <!-- Test -->
